
--------------------------------------------------
TXLib предупреждает:

Программа: C:\Users\agniy\ded\SPU\processor\build\spu.exe,

ВНЕЗАПНО: Нарушение доступа к памяти.

#1: Исключение EXCEPTION_ACCESS_VIOLATION (0xC0000005) при выполнении кода по адресу 0x757D040C. Попытка записать данные по адресу NULL в модуле C:\WINDOWS\System32\msvcrt.dll. Спасибо _txVectoredExceptionHandler(), что сообщил. Люблю его <3

#1: TXLib [Ver: 00173a, Rev: 173, Date: 2024-06-23 22:37:05 +0400], Instance: 0x005092FC (32-bit), Flags: Cmdre0, Thread: 0x422C (Main), errno: 22 (Invalid argument). 

--------------------------------------------------
Стек вызовов:



--------------------------------------------------
Developed with:

The Dumb Artist Library (TX Library)
TXLib [Ver: 00173a, Rev: 173, Date: 2024-06-23 22:37:05 +0400]
Copyright (C) Ded (Ilya Dedinsky, http://txlib.ru) <mail@txlib.ru>
See license on: http://txlib.ru

TXLib file:	c:\users\agniy\ded\codeblocks\mingw\include\txlib.h
Compiled:	Oct 12 2024 17:52:57, GNU g++ 4.8.1, std=201103L, MinGW Runtime 3.20, 32-bit, DEBUG
Started:	Oct 12 2024 17:53:05

Run file:	C:\Users\agniy\ded\SPU\processor\build\spu.exe
Directory:	C:\Users\agniy\ded\SPU\processor

--------------------------------------------------

--------------------------------------------------
TXLib соболезнует...

Программа: C:\Users\agniy\ded\SPU\processor\build\spu.exe,

ВНЕЗАПНО: signal (11, 0x00): SIGSEGV: Доступ по неверному указателю. Ставьте ассерты! 

Нарушение доступа к памяти.

#1: Исключение EXCEPTION_ACCESS_VIOLATION (0xC0000005) при выполнении кода по адресу 0x757D040C. Попытка записать данные по адресу NULL в модуле C:\WINDOWS\System32\msvcrt.dll. Спасибо _txVectoredExceptionHandler(), что сообщил. Люблю его <3

С помощью функции signal() вы можете сами обработать эту ошибку.

#2: TXLib [Ver: 00173a, Rev: 173, Date: 2024-06-23 22:37:05 +0400], Instance: 0x005092FC (32-bit), Flags: Cmdre0, Thread: 0x422C (Main), errno: 22 (Invalid argument). 

--------------------------------------------------
Стек вызовов:



--------------------------------------------------
Developed with:

The Dumb Artist Library (TX Library)
TXLib [Ver: 00173a, Rev: 173, Date: 2024-06-23 22:37:05 +0400]
Copyright (C) Ded (Ilya Dedinsky, http://txlib.ru) <mail@txlib.ru>
See license on: http://txlib.ru

TXLib file:	c:\users\agniy\ded\codeblocks\mingw\include\txlib.h
Compiled:	Oct 12 2024 17:52:57, GNU g++ 4.8.1, std=201103L, MinGW Runtime 3.20, 32-bit, DEBUG
Started:	Oct 12 2024 17:53:05

Run file:	C:\Users\agniy\ded\SPU\processor\build\spu.exe
Directory:	C:\Users\agniy\ded\SPU\processor

--------------------------------------------------

--------------------------------------------------
TXLib предупреждает:

Программа: C:\Users\agniy\ded\SPU\processor\build\spu.exe,

ВНЕЗАПНО: Нарушение доступа к памяти.

#1: Исключение EXCEPTION_ACCESS_VIOLATION (0xC0000005) при выполнении кода по адресу 0x757D040C. Попытка записать данные по адресу NULL в модуле C:\WINDOWS\System32\msvcrt.dll. Спасибо _txVectoredExceptionHandler(), что сообщил. Люблю его <3

#1: TXLib [Ver: 00173a, Rev: 173, Date: 2024-06-23 22:37:05 +0400], Instance: 0x005092FC (32-bit), Flags: Cmdre0, Thread: 0x4618 (Main), errno: 22 (Invalid argument). 

--------------------------------------------------
Стек вызовов:



--------------------------------------------------
Developed with:

The Dumb Artist Library (TX Library)
TXLib [Ver: 00173a, Rev: 173, Date: 2024-06-23 22:37:05 +0400]
Copyright (C) Ded (Ilya Dedinsky, http://txlib.ru) <mail@txlib.ru>
See license on: http://txlib.ru

TXLib file:	c:\users\agniy\ded\codeblocks\mingw\include\txlib.h
Compiled:	Oct 12 2024 17:53:58, GNU g++ 4.8.1, std=201103L, MinGW Runtime 3.20, 32-bit, DEBUG
Started:	Oct 12 2024 17:54:03

Run file:	C:\Users\agniy\ded\SPU\processor\build\spu.exe
Directory:	C:\Users\agniy\ded\SPU\processor

--------------------------------------------------

--------------------------------------------------
TXLib соболезнует...

Программа: C:\Users\agniy\ded\SPU\processor\build\spu.exe,

ВНЕЗАПНО: signal (11, 0x00): SIGSEGV: Доступ по неверному указателю. Ставьте ассерты! 

Нарушение доступа к памяти.

#1: Исключение EXCEPTION_ACCESS_VIOLATION (0xC0000005) при выполнении кода по адресу 0x757D040C. Попытка записать данные по адресу NULL в модуле C:\WINDOWS\System32\msvcrt.dll. Спасибо _txVectoredExceptionHandler(), что сообщил. Люблю его <3

С помощью функции signal() вы можете сами обработать эту ошибку.

#2: TXLib [Ver: 00173a, Rev: 173, Date: 2024-06-23 22:37:05 +0400], Instance: 0x005092FC (32-bit), Flags: Cmdre0, Thread: 0x4618 (Main), errno: 22 (Invalid argument). 

--------------------------------------------------
Стек вызовов:



--------------------------------------------------
Developed with:

The Dumb Artist Library (TX Library)
TXLib [Ver: 00173a, Rev: 173, Date: 2024-06-23 22:37:05 +0400]
Copyright (C) Ded (Ilya Dedinsky, http://txlib.ru) <mail@txlib.ru>
See license on: http://txlib.ru

TXLib file:	c:\users\agniy\ded\codeblocks\mingw\include\txlib.h
Compiled:	Oct 12 2024 17:53:58, GNU g++ 4.8.1, std=201103L, MinGW Runtime 3.20, 32-bit, DEBUG
Started:	Oct 12 2024 17:54:03

Run file:	C:\Users\agniy\ded\SPU\processor\build\spu.exe
Directory:	C:\Users\agniy\ded\SPU\processor

--------------------------------------------------

--------------------------------------------------
TXLib предупреждает:

Программа: C:\Users\agniy\ded\SPU\processor\build\spu.exe,

ВНЕЗАПНО: Нарушение доступа к памяти.

#1: Исключение EXCEPTION_ACCESS_VIOLATION (0xC0000005) при выполнении кода по адресу 0x757D040C. Попытка записать данные по адресу NULL в модуле C:\WINDOWS\System32\msvcrt.dll. Спасибо _txVectoredExceptionHandler(), что сообщил. Люблю его <3

#1: TXLib [Ver: 00173a, Rev: 173, Date: 2024-06-23 22:37:05 +0400], Instance: 0x005092FC (32-bit), Flags: Cmdre0, Thread: 0x46C8 (Main), errno: 22 (Invalid argument). 

--------------------------------------------------
Стек вызовов:



--------------------------------------------------
Developed with:

The Dumb Artist Library (TX Library)
TXLib [Ver: 00173a, Rev: 173, Date: 2024-06-23 22:37:05 +0400]
Copyright (C) Ded (Ilya Dedinsky, http://txlib.ru) <mail@txlib.ru>
See license on: http://txlib.ru

TXLib file:	c:\users\agniy\ded\codeblocks\mingw\include\txlib.h
Compiled:	Oct 12 2024 17:55:40, GNU g++ 4.8.1, std=201103L, MinGW Runtime 3.20, 32-bit, DEBUG
Started:	Oct 12 2024 17:55:46

Run file:	C:\Users\agniy\ded\SPU\processor\build\spu.exe
Directory:	C:\Users\agniy\ded\SPU\processor

--------------------------------------------------

--------------------------------------------------
TXLib соболезнует...

Программа: C:\Users\agniy\ded\SPU\processor\build\spu.exe,

ВНЕЗАПНО: signal (11, 0x00): SIGSEGV: Доступ по неверному указателю. Ставьте ассерты! 

Нарушение доступа к памяти.

#1: Исключение EXCEPTION_ACCESS_VIOLATION (0xC0000005) при выполнении кода по адресу 0x757D040C. Попытка записать данные по адресу NULL в модуле C:\WINDOWS\System32\msvcrt.dll. Спасибо _txVectoredExceptionHandler(), что сообщил. Люблю его <3

С помощью функции signal() вы можете сами обработать эту ошибку.

#2: TXLib [Ver: 00173a, Rev: 173, Date: 2024-06-23 22:37:05 +0400], Instance: 0x005092FC (32-bit), Flags: Cmdre0, Thread: 0x46C8 (Main), errno: 22 (Invalid argument). 

--------------------------------------------------
Стек вызовов:



--------------------------------------------------
Developed with:

The Dumb Artist Library (TX Library)
TXLib [Ver: 00173a, Rev: 173, Date: 2024-06-23 22:37:05 +0400]
Copyright (C) Ded (Ilya Dedinsky, http://txlib.ru) <mail@txlib.ru>
See license on: http://txlib.ru

TXLib file:	c:\users\agniy\ded\codeblocks\mingw\include\txlib.h
Compiled:	Oct 12 2024 17:55:40, GNU g++ 4.8.1, std=201103L, MinGW Runtime 3.20, 32-bit, DEBUG
Started:	Oct 12 2024 17:55:46

Run file:	C:\Users\agniy\ded\SPU\processor\build\spu.exe
Directory:	C:\Users\agniy\ded\SPU\processor

--------------------------------------------------

--------------------------------------------------
TXLib предупреждает:

Программа: C:\Users\agniy\ded\SPU\processor\build\spu.exe,

ВНЕЗАПНО: Нарушение доступа к памяти.

#1: Исключение EXCEPTION_ACCESS_VIOLATION (0xC0000005) при выполнении кода по адресу 0x757D040C. Попытка записать данные по адресу NULL в модуле C:\WINDOWS\System32\msvcrt.dll. Спасибо _txVectoredExceptionHandler(), что сообщил. Люблю его <3

#1: TXLib [Ver: 00173a, Rev: 173, Date: 2024-06-23 22:37:05 +0400], Instance: 0x005092FC (32-bit), Flags: Cmdre0, Thread: 0x66C (Main), errno: 22 (Invalid argument). 

--------------------------------------------------
Стек вызовов:



--------------------------------------------------
Developed with:

The Dumb Artist Library (TX Library)
TXLib [Ver: 00173a, Rev: 173, Date: 2024-06-23 22:37:05 +0400]
Copyright (C) Ded (Ilya Dedinsky, http://txlib.ru) <mail@txlib.ru>
See license on: http://txlib.ru

TXLib file:	c:\users\agniy\ded\codeblocks\mingw\include\txlib.h
Compiled:	Oct 12 2024 17:57:02, GNU g++ 4.8.1, std=201103L, MinGW Runtime 3.20, 32-bit, DEBUG
Started:	Oct 12 2024 17:57:07

Run file:	C:\Users\agniy\ded\SPU\processor\build\spu.exe
Directory:	C:\Users\agniy\ded\SPU\processor

--------------------------------------------------

--------------------------------------------------
TXLib соболезнует...

Программа: C:\Users\agniy\ded\SPU\processor\build\spu.exe,

ВНЕЗАПНО: signal (11, 0x00): SIGSEGV: Доступ по неверному указателю. Ставьте ассерты! 

Нарушение доступа к памяти.

#1: Исключение EXCEPTION_ACCESS_VIOLATION (0xC0000005) при выполнении кода по адресу 0x757D040C. Попытка записать данные по адресу NULL в модуле C:\WINDOWS\System32\msvcrt.dll. Спасибо _txVectoredExceptionHandler(), что сообщил. Люблю его <3

С помощью функции signal() вы можете сами обработать эту ошибку.

#2: TXLib [Ver: 00173a, Rev: 173, Date: 2024-06-23 22:37:05 +0400], Instance: 0x005092FC (32-bit), Flags: Cmdre0, Thread: 0x66C (Main), errno: 22 (Invalid argument). 

--------------------------------------------------
Стек вызовов:



--------------------------------------------------
Developed with:

The Dumb Artist Library (TX Library)
TXLib [Ver: 00173a, Rev: 173, Date: 2024-06-23 22:37:05 +0400]
Copyright (C) Ded (Ilya Dedinsky, http://txlib.ru) <mail@txlib.ru>
See license on: http://txlib.ru

TXLib file:	c:\users\agniy\ded\codeblocks\mingw\include\txlib.h
Compiled:	Oct 12 2024 17:57:02, GNU g++ 4.8.1, std=201103L, MinGW Runtime 3.20, 32-bit, DEBUG
Started:	Oct 12 2024 17:57:07

Run file:	C:\Users\agniy\ded\SPU\processor\build\spu.exe
Directory:	C:\Users\agniy\ded\SPU\processor

--------------------------------------------------

--------------------------------------------------
TXLib предупреждает:

Программа: C:\Users\agniy\ded\SPU\processor\build\spu.exe,

ВНЕЗАПНО: Нарушение доступа к памяти.

#1: Исключение EXCEPTION_ACCESS_VIOLATION (0xC0000005) при выполнении кода по адресу 0x757D040C. Попытка записать данные по адресу NULL в модуле C:\WINDOWS\System32\msvcrt.dll. Спасибо _txVectoredExceptionHandler(), что сообщил. Люблю его <3

#1: TXLib [Ver: 00173a, Rev: 173, Date: 2024-06-23 22:37:05 +0400], Instance: 0x005092FC (32-bit), Flags: Cmdre0, Thread: 0x41E8 (Main), errno: 22 (Invalid argument). 

--------------------------------------------------
Стек вызовов:



--------------------------------------------------
Developed with:

The Dumb Artist Library (TX Library)
TXLib [Ver: 00173a, Rev: 173, Date: 2024-06-23 22:37:05 +0400]
Copyright (C) Ded (Ilya Dedinsky, http://txlib.ru) <mail@txlib.ru>
See license on: http://txlib.ru

TXLib file:	c:\users\agniy\ded\codeblocks\mingw\include\txlib.h
Compiled:	Oct 12 2024 17:58:21, GNU g++ 4.8.1, std=201103L, MinGW Runtime 3.20, 32-bit, DEBUG
Started:	Oct 12 2024 17:58:29

Run file:	C:\Users\agniy\ded\SPU\processor\build\spu.exe
Directory:	C:\Users\agniy\ded\SPU\processor

--------------------------------------------------

--------------------------------------------------
TXLib соболезнует...

Программа: C:\Users\agniy\ded\SPU\processor\build\spu.exe,

ВНЕЗАПНО: signal (11, 0x00): SIGSEGV: Доступ по неверному указателю. Ставьте ассерты! 

Нарушение доступа к памяти.

#1: Исключение EXCEPTION_ACCESS_VIOLATION (0xC0000005) при выполнении кода по адресу 0x757D040C. Попытка записать данные по адресу NULL в модуле C:\WINDOWS\System32\msvcrt.dll. Спасибо _txVectoredExceptionHandler(), что сообщил. Люблю его <3

С помощью функции signal() вы можете сами обработать эту ошибку.

#2: TXLib [Ver: 00173a, Rev: 173, Date: 2024-06-23 22:37:05 +0400], Instance: 0x005092FC (32-bit), Flags: Cmdre0, Thread: 0x41E8 (Main), errno: 22 (Invalid argument). 

--------------------------------------------------
Стек вызовов:



--------------------------------------------------
Developed with:

The Dumb Artist Library (TX Library)
TXLib [Ver: 00173a, Rev: 173, Date: 2024-06-23 22:37:05 +0400]
Copyright (C) Ded (Ilya Dedinsky, http://txlib.ru) <mail@txlib.ru>
See license on: http://txlib.ru

TXLib file:	c:\users\agniy\ded\codeblocks\mingw\include\txlib.h
Compiled:	Oct 12 2024 17:58:21, GNU g++ 4.8.1, std=201103L, MinGW Runtime 3.20, 32-bit, DEBUG
Started:	Oct 12 2024 17:58:29

Run file:	C:\Users\agniy\ded\SPU\processor\build\spu.exe
Directory:	C:\Users\agniy\ded\SPU\processor

--------------------------------------------------

--------------------------------------------------
TXLib предупреждает:

Программа: C:\Users\agniy\ded\SPU\processor\build\spu.exe,

ВНЕЗАПНО: Нарушение доступа к памяти.

#1: Исключение EXCEPTION_ACCESS_VIOLATION (0xC0000005) при выполнении кода по адресу 0x0042DC7E. Попытка записать данные по адресу NULL в модуле C:\Users\agniy\ded\SPU\processor\build\spu.exe. Спасибо _txVectoredExceptionHandler(), что сообщил. Люблю его <3

#1: TXLib [Ver: 00173a, Rev: 173, Date: 2024-06-23 22:37:05 +0400], Instance: 0x005092FC (32-bit), Flags: Cmdre0, Thread: 0x45EC (Main), errno: 22 (Invalid argument). 

--------------------------------------------------
Стек вызовов:



--------------------------------------------------
Developed with:

The Dumb Artist Library (TX Library)
TXLib [Ver: 00173a, Rev: 173, Date: 2024-06-23 22:37:05 +0400]
Copyright (C) Ded (Ilya Dedinsky, http://txlib.ru) <mail@txlib.ru>
See license on: http://txlib.ru

TXLib file:	c:\users\agniy\ded\codeblocks\mingw\include\txlib.h
Compiled:	Oct 12 2024 17:59:00, GNU g++ 4.8.1, std=201103L, MinGW Runtime 3.20, 32-bit, DEBUG
Started:	Oct 12 2024 17:59:07

Run file:	C:\Users\agniy\ded\SPU\processor\build\spu.exe
Directory:	C:\Users\agniy\ded\SPU\processor

--------------------------------------------------

--------------------------------------------------
TXLib соболезнует...

Программа: C:\Users\agniy\ded\SPU\processor\build\spu.exe,

ВНЕЗАПНО: signal (11, 0x00): SIGSEGV: Доступ по неверному указателю. Ставьте ассерты! 

Нарушение доступа к памяти.

#1: Исключение EXCEPTION_ACCESS_VIOLATION (0xC0000005) при выполнении кода по адресу 0x0042DC7E. Попытка записать данные по адресу NULL в модуле C:\Users\agniy\ded\SPU\processor\build\spu.exe. Спасибо _txVectoredExceptionHandler(), что сообщил. Люблю его <3

С помощью функции signal() вы можете сами обработать эту ошибку.

#2: TXLib [Ver: 00173a, Rev: 173, Date: 2024-06-23 22:37:05 +0400], Instance: 0x005092FC (32-bit), Flags: Cmdre0, Thread: 0x45EC (Main), errno: 22 (Invalid argument). 

--------------------------------------------------
Стек вызовов:



--------------------------------------------------
Developed with:

The Dumb Artist Library (TX Library)
TXLib [Ver: 00173a, Rev: 173, Date: 2024-06-23 22:37:05 +0400]
Copyright (C) Ded (Ilya Dedinsky, http://txlib.ru) <mail@txlib.ru>
See license on: http://txlib.ru

TXLib file:	c:\users\agniy\ded\codeblocks\mingw\include\txlib.h
Compiled:	Oct 12 2024 17:59:00, GNU g++ 4.8.1, std=201103L, MinGW Runtime 3.20, 32-bit, DEBUG
Started:	Oct 12 2024 17:59:07

Run file:	C:\Users\agniy\ded\SPU\processor\build\spu.exe
Directory:	C:\Users\agniy\ded\SPU\processor

--------------------------------------------------

--------------------------------------------------
TXLib предупреждает:

Программа: C:\Users\agniy\ded\SPU\processor\build\spu.exe,

ВНЕЗАПНО: Нарушение доступа к памяти.

#1: Исключение EXCEPTION_ACCESS_VIOLATION (0xC0000005) при выполнении кода по адресу 0x0042C506. Попытка прочесть данные по адресу 0x817553BA в модуле C:\Users\agniy\ded\SPU\processor\build\spu.exe. Спасибо _txVectoredExceptionHandler(), что сообщил. Люблю его <3

#1: TXLib [Ver: 00173a, Rev: 173, Date: 2024-06-23 22:37:05 +0400], Instance: 0x005092FC (32-bit), Flags: Cmdre0, Thread: 0x36F4 (Main), errno: 22 (Invalid argument). 

--------------------------------------------------
Стек вызовов:



--------------------------------------------------
Developed with:

The Dumb Artist Library (TX Library)
TXLib [Ver: 00173a, Rev: 173, Date: 2024-06-23 22:37:05 +0400]
Copyright (C) Ded (Ilya Dedinsky, http://txlib.ru) <mail@txlib.ru>
See license on: http://txlib.ru

TXLib file:	c:\users\agniy\ded\codeblocks\mingw\include\txlib.h
Compiled:	Oct 20 2024 17:10:28, GNU g++ 4.8.1, std=201103L, MinGW Runtime 3.20, 32-bit, DEBUG
Started:	Oct 20 2024 17:10:34

Run file:	C:\Users\agniy\ded\SPU\processor\build\spu.exe
Directory:	C:\Users\agniy\ded\SPU\processor

--------------------------------------------------

--------------------------------------------------
TXLib соболезнует...

Программа: C:\Users\agniy\ded\SPU\processor\build\spu.exe,

ВНЕЗАПНО: signal (11, 0x00): SIGSEGV: Доступ по неверному указателю. Ставьте ассерты! 

Нарушение доступа к памяти.

#1: Исключение EXCEPTION_ACCESS_VIOLATION (0xC0000005) при выполнении кода по адресу 0x0042C506. Попытка прочесть данные по адресу 0x817553BA в модуле C:\Users\agniy\ded\SPU\processor\build\spu.exe. Спасибо _txVectoredExceptionHandler(), что сообщил. Люблю его <3

С помощью функции signal() вы можете сами обработать эту ошибку.

#2: TXLib [Ver: 00173a, Rev: 173, Date: 2024-06-23 22:37:05 +0400], Instance: 0x005092FC (32-bit), Flags: Cmdre0, Thread: 0x36F4 (Main), errno: 22 (Invalid argument). 

--------------------------------------------------
Стек вызовов:



--------------------------------------------------
Developed with:

The Dumb Artist Library (TX Library)
TXLib [Ver: 00173a, Rev: 173, Date: 2024-06-23 22:37:05 +0400]
Copyright (C) Ded (Ilya Dedinsky, http://txlib.ru) <mail@txlib.ru>
See license on: http://txlib.ru

TXLib file:	c:\users\agniy\ded\codeblocks\mingw\include\txlib.h
Compiled:	Oct 20 2024 17:10:28, GNU g++ 4.8.1, std=201103L, MinGW Runtime 3.20, 32-bit, DEBUG
Started:	Oct 20 2024 17:10:34

Run file:	C:\Users\agniy\ded\SPU\processor\build\spu.exe
Directory:	C:\Users\agniy\ded\SPU\processor

--------------------------------------------------

--------------------------------------------------
TXLib предупреждает:

Программа: C:\Users\agniy\ded\SPU\processor\build\spu.exe,

ВНЕЗАПНО: Нарушение доступа к памяти.

#1: Исключение EXCEPTION_ACCESS_VIOLATION (0xC0000005) при выполнении кода по адресу 0x757D8DDC. Попытка записать данные по адресу 0x757B895F в модуле C:\WINDOWS\System32\msvcrt.dll. Спасибо _txVectoredExceptionHandler(), что сообщил. Люблю его <3

#1: TXLib [Ver: 00173a, Rev: 173, Date: 2024-06-23 22:37:05 +0400], Instance: 0x005092FC (32-bit), Flags: Cmdre0, Thread: 0x3DCC (Main), errno: 22 (Invalid argument). 

--------------------------------------------------
Стек вызовов:



--------------------------------------------------
Developed with:

The Dumb Artist Library (TX Library)
TXLib [Ver: 00173a, Rev: 173, Date: 2024-06-23 22:37:05 +0400]
Copyright (C) Ded (Ilya Dedinsky, http://txlib.ru) <mail@txlib.ru>
See license on: http://txlib.ru

TXLib file:	c:\users\agniy\ded\codeblocks\mingw\include\txlib.h
Compiled:	Oct 20 2024 17:11:15, GNU g++ 4.8.1, std=201103L, MinGW Runtime 3.20, 32-bit, DEBUG
Started:	Oct 20 2024 17:11:20

Run file:	C:\Users\agniy\ded\SPU\processor\build\spu.exe
Directory:	C:\Users\agniy\ded\SPU\processor

--------------------------------------------------

--------------------------------------------------
TXLib соболезнует...

Программа: C:\Users\agniy\ded\SPU\processor\build\spu.exe,

ВНЕЗАПНО: signal (11, 0x00): SIGSEGV: Доступ по неверному указателю. Ставьте ассерты! 

Нарушение доступа к памяти.

#1: Исключение EXCEPTION_ACCESS_VIOLATION (0xC0000005) при выполнении кода по адресу 0x757D8DDC. Попытка записать данные по адресу 0x757B895F в модуле C:\WINDOWS\System32\msvcrt.dll. Спасибо _txVectoredExceptionHandler(), что сообщил. Люблю его <3

С помощью функции signal() вы можете сами обработать эту ошибку.

#2: TXLib [Ver: 00173a, Rev: 173, Date: 2024-06-23 22:37:05 +0400], Instance: 0x005092FC (32-bit), Flags: Cmdre0, Thread: 0x3DCC (Main), errno: 22 (Invalid argument). 

--------------------------------------------------
Стек вызовов:



--------------------------------------------------
Developed with:

The Dumb Artist Library (TX Library)
TXLib [Ver: 00173a, Rev: 173, Date: 2024-06-23 22:37:05 +0400]
Copyright (C) Ded (Ilya Dedinsky, http://txlib.ru) <mail@txlib.ru>
See license on: http://txlib.ru

TXLib file:	c:\users\agniy\ded\codeblocks\mingw\include\txlib.h
Compiled:	Oct 20 2024 17:11:15, GNU g++ 4.8.1, std=201103L, MinGW Runtime 3.20, 32-bit, DEBUG
Started:	Oct 20 2024 17:11:20

Run file:	C:\Users\agniy\ded\SPU\processor\build\spu.exe
Directory:	C:\Users\agniy\ded\SPU\processor

--------------------------------------------------

--------------------------------------------------
TXLib предупреждает:

Программа: C:\Users\agniy\ded\SPU\processor\build\spu.exe,

ВНЕЗАПНО: Нарушение доступа к памяти.

#1: Исключение EXCEPTION_ACCESS_VIOLATION (0xC0000005) при выполнении кода по адресу 0x0042DC7E. Попытка записать данные по адресу NULL в модуле C:\Users\agniy\ded\SPU\processor\build\spu.exe. Спасибо _txVectoredExceptionHandler(), что сообщил. Люблю его <3

#1: TXLib [Ver: 00173a, Rev: 173, Date: 2024-06-23 22:37:05 +0400], Instance: 0x005092FC (32-bit), Flags: Cmdre0, Thread: 0x4A80 (Main), errno: 22 (Invalid argument). 

--------------------------------------------------
Стек вызовов:



--------------------------------------------------
Developed with:

The Dumb Artist Library (TX Library)
TXLib [Ver: 00173a, Rev: 173, Date: 2024-06-23 22:37:05 +0400]
Copyright (C) Ded (Ilya Dedinsky, http://txlib.ru) <mail@txlib.ru>
See license on: http://txlib.ru

TXLib file:	c:\users\agniy\ded\codeblocks\mingw\include\txlib.h
Compiled:	Oct 20 2024 18:47:31, GNU g++ 4.8.1, std=201103L, MinGW Runtime 3.20, 32-bit, DEBUG
Started:	Oct 20 2024 18:52:02

Run file:	C:\Users\agniy\ded\SPU\processor\build\spu.exe
Directory:	C:\Users\agniy\ded\SPU\processor

--------------------------------------------------

--------------------------------------------------
TXLib соболезнует...

Программа: C:\Users\agniy\ded\SPU\processor\build\spu.exe,

ВНЕЗАПНО: signal (11, 0x00): SIGSEGV: Доступ по неверному указателю. Ставьте ассерты! 

Нарушение доступа к памяти.

#1: Исключение EXCEPTION_ACCESS_VIOLATION (0xC0000005) при выполнении кода по адресу 0x0042DC7E. Попытка записать данные по адресу NULL в модуле C:\Users\agniy\ded\SPU\processor\build\spu.exe. Спасибо _txVectoredExceptionHandler(), что сообщил. Люблю его <3

С помощью функции signal() вы можете сами обработать эту ошибку.

#2: TXLib [Ver: 00173a, Rev: 173, Date: 2024-06-23 22:37:05 +0400], Instance: 0x005092FC (32-bit), Flags: Cmdre0, Thread: 0x4A80 (Main), errno: 22 (Invalid argument). 

--------------------------------------------------
Стек вызовов:



--------------------------------------------------
Developed with:

The Dumb Artist Library (TX Library)
TXLib [Ver: 00173a, Rev: 173, Date: 2024-06-23 22:37:05 +0400]
Copyright (C) Ded (Ilya Dedinsky, http://txlib.ru) <mail@txlib.ru>
See license on: http://txlib.ru

TXLib file:	c:\users\agniy\ded\codeblocks\mingw\include\txlib.h
Compiled:	Oct 20 2024 18:47:31, GNU g++ 4.8.1, std=201103L, MinGW Runtime 3.20, 32-bit, DEBUG
Started:	Oct 20 2024 18:52:02

Run file:	C:\Users\agniy\ded\SPU\processor\build\spu.exe
Directory:	C:\Users\agniy\ded\SPU\processor

--------------------------------------------------

--------------------------------------------------
TXLib предупреждает:

Программа: C:\Users\agniy\ded\SPU\processor\build\spu.exe,

ВНЕЗАПНО: Целочисленное деление на ноль.

#1: Исключение EXCEPTION_INT_DIVIDE_BY_ZERO (0xC0000094) при выполнении кода по адресу 0x0042E0AC в модуле C:\Users\agniy\ded\SPU\processor\build\spu.exe. Спасибо _txVectoredExceptionHandler(), что сообщил. Люблю его <3

#1: TXLib [Ver: 00173a, Rev: 173, Date: 2024-06-23 22:37:05 +0400], Instance: 0x005092FC (32-bit), Flags: Cmdre0, Thread: 0x5448 (Main), errno: 22 (Invalid argument). 

--------------------------------------------------
Стек вызовов:



--------------------------------------------------
Developed with:

The Dumb Artist Library (TX Library)
TXLib [Ver: 00173a, Rev: 173, Date: 2024-06-23 22:37:05 +0400]
Copyright (C) Ded (Ilya Dedinsky, http://txlib.ru) <mail@txlib.ru>
See license on: http://txlib.ru

TXLib file:	c:\users\agniy\ded\codeblocks\mingw\include\txlib.h
Compiled:	Oct 20 2024 21:07:08, GNU g++ 4.8.1, std=201103L, MinGW Runtime 3.20, 32-bit, DEBUG
Started:	Oct 20 2024 21:13:37

Run file:	C:\Users\agniy\ded\SPU\processor\build\spu.exe
Directory:	C:\Users\agniy\ded\SPU\processor

--------------------------------------------------

--------------------------------------------------
TXLib соболезнует...

Программа: C:\Users\agniy\ded\SPU\processor\build\spu.exe,

ВНЕЗАПНО: Целочисленное деление на ноль.

#1: Исключение EXCEPTION_INT_DIVIDE_BY_ZERO (0xC0000094) при выполнении кода по адресу 0x0042E0AC в модуле C:\Users\agniy\ded\SPU\processor\build\spu.exe. Спасибо _txVectoredExceptionHandler(), что сообщил. Люблю его <3

С помощью функции _set_se_translator() вы можете сами обработать эту ошибку.

#2: TXLib [Ver: 00173a, Rev: 173, Date: 2024-06-23 22:37:05 +0400], Instance: 0x005092FC (32-bit), Flags: Cmdre0, Thread: 0x5448 (Main), errno: 22 (Invalid argument). 

--------------------------------------------------
Стек вызовов:



--------------------------------------------------
Developed with:

The Dumb Artist Library (TX Library)
TXLib [Ver: 00173a, Rev: 173, Date: 2024-06-23 22:37:05 +0400]
Copyright (C) Ded (Ilya Dedinsky, http://txlib.ru) <mail@txlib.ru>
See license on: http://txlib.ru

TXLib file:	c:\users\agniy\ded\codeblocks\mingw\include\txlib.h
Compiled:	Oct 20 2024 21:07:08, GNU g++ 4.8.1, std=201103L, MinGW Runtime 3.20, 32-bit, DEBUG
Started:	Oct 20 2024 21:13:37

Run file:	C:\Users\agniy\ded\SPU\processor\build\spu.exe
Directory:	C:\Users\agniy\ded\SPU\processor

--------------------------------------------------

--------------------------------------------------
TXLib предупреждает:

Программа: C:\Users\agniy\ded\SPU\processor\build\spu.exe,

ВНЕЗАПНО: Нарушение доступа к памяти.

#1: Исключение EXCEPTION_ACCESS_VIOLATION (0xC0000005) при выполнении кода по адресу 0x0042DEC6. Попытка записать данные по адресу NULL в модуле C:\Users\agniy\ded\SPU\processor\build\spu.exe. Спасибо _txVectoredExceptionHandler(), что сообщил. Люблю его <3

#1: TXLib [Ver: 00173a, Rev: 173, Date: 2024-06-23 22:37:05 +0400], Instance: 0x005092FC (32-bit), Flags: Cmdre0, Thread: 0x5368 (Main), errno: 22 (Invalid argument). 

--------------------------------------------------
Стек вызовов:



--------------------------------------------------
Developed with:

The Dumb Artist Library (TX Library)
TXLib [Ver: 00173a, Rev: 173, Date: 2024-06-23 22:37:05 +0400]
Copyright (C) Ded (Ilya Dedinsky, http://txlib.ru) <mail@txlib.ru>
See license on: http://txlib.ru

TXLib file:	c:\users\agniy\ded\codeblocks\mingw\include\txlib.h
Compiled:	Oct 23 2024 16:23:14, GNU g++ 4.8.1, std=201103L, MinGW Runtime 3.20, 32-bit, DEBUG
Started:	Oct 23 2024 16:30:50

Run file:	C:\Users\agniy\ded\SPU\processor\build\spu.exe
Directory:	C:\Users\agniy\ded\SPU\processor

--------------------------------------------------

--------------------------------------------------
TXLib соболезнует...

Программа: C:\Users\agniy\ded\SPU\processor\build\spu.exe,

ВНЕЗАПНО: signal (11, 0x00): SIGSEGV: Доступ по неверному указателю. Ставьте ассерты! 

Нарушение доступа к памяти.

#1: Исключение EXCEPTION_ACCESS_VIOLATION (0xC0000005) при выполнении кода по адресу 0x0042DEC6. Попытка записать данные по адресу NULL в модуле C:\Users\agniy\ded\SPU\processor\build\spu.exe. Спасибо _txVectoredExceptionHandler(), что сообщил. Люблю его <3

С помощью функции signal() вы можете сами обработать эту ошибку.

#2: TXLib [Ver: 00173a, Rev: 173, Date: 2024-06-23 22:37:05 +0400], Instance: 0x005092FC (32-bit), Flags: Cmdre0, Thread: 0x5368 (Main), errno: 22 (Invalid argument). 

--------------------------------------------------
Стек вызовов:



--------------------------------------------------
Developed with:

The Dumb Artist Library (TX Library)
TXLib [Ver: 00173a, Rev: 173, Date: 2024-06-23 22:37:05 +0400]
Copyright (C) Ded (Ilya Dedinsky, http://txlib.ru) <mail@txlib.ru>
See license on: http://txlib.ru

TXLib file:	c:\users\agniy\ded\codeblocks\mingw\include\txlib.h
Compiled:	Oct 23 2024 16:23:14, GNU g++ 4.8.1, std=201103L, MinGW Runtime 3.20, 32-bit, DEBUG
Started:	Oct 23 2024 16:30:50

Run file:	C:\Users\agniy\ded\SPU\processor\build\spu.exe
Directory:	C:\Users\agniy\ded\SPU\processor

--------------------------------------------------

--------------------------------------------------
TXLib предупреждает:

Программа: C:\Users\agniy\ded\SPU\processor\build\spu.exe,

ВНЕЗАПНО: Нарушение доступа к памяти.

#1: Исключение EXCEPTION_ACCESS_VIOLATION (0xC0000005) при выполнении кода по адресу 0x0042DEC6. Попытка записать данные по адресу NULL в модуле C:\Users\agniy\ded\SPU\processor\build\spu.exe. Спасибо _txVectoredExceptionHandler(), что сообщил. Люблю его <3

#1: TXLib [Ver: 00173a, Rev: 173, Date: 2024-06-23 22:37:05 +0400], Instance: 0x005092FC (32-bit), Flags: Cmdre0, Thread: 0x50D4 (Main), errno: 22 (Invalid argument). 

--------------------------------------------------
Стек вызовов:



--------------------------------------------------
Developed with:

The Dumb Artist Library (TX Library)
TXLib [Ver: 00173a, Rev: 173, Date: 2024-06-23 22:37:05 +0400]
Copyright (C) Ded (Ilya Dedinsky, http://txlib.ru) <mail@txlib.ru>
See license on: http://txlib.ru

TXLib file:	c:\users\agniy\ded\codeblocks\mingw\include\txlib.h
Compiled:	Oct 23 2024 16:23:14, GNU g++ 4.8.1, std=201103L, MinGW Runtime 3.20, 32-bit, DEBUG
Started:	Oct 23 2024 16:31:18

Run file:	C:\Users\agniy\ded\SPU\processor\build\spu.exe
Directory:	C:\Users\agniy\ded\SPU\processor

--------------------------------------------------

--------------------------------------------------
TXLib соболезнует...

Программа: C:\Users\agniy\ded\SPU\processor\build\spu.exe,

ВНЕЗАПНО: signal (11, 0x00): SIGSEGV: Доступ по неверному указателю. Ставьте ассерты! 

Нарушение доступа к памяти.

#1: Исключение EXCEPTION_ACCESS_VIOLATION (0xC0000005) при выполнении кода по адресу 0x0042DEC6. Попытка записать данные по адресу NULL в модуле C:\Users\agniy\ded\SPU\processor\build\spu.exe. Спасибо _txVectoredExceptionHandler(), что сообщил. Люблю его <3

С помощью функции signal() вы можете сами обработать эту ошибку.

#2: TXLib [Ver: 00173a, Rev: 173, Date: 2024-06-23 22:37:05 +0400], Instance: 0x005092FC (32-bit), Flags: Cmdre0, Thread: 0x50D4 (Main), errno: 22 (Invalid argument). 

--------------------------------------------------
Стек вызовов:



--------------------------------------------------
Developed with:

The Dumb Artist Library (TX Library)
TXLib [Ver: 00173a, Rev: 173, Date: 2024-06-23 22:37:05 +0400]
Copyright (C) Ded (Ilya Dedinsky, http://txlib.ru) <mail@txlib.ru>
See license on: http://txlib.ru

TXLib file:	c:\users\agniy\ded\codeblocks\mingw\include\txlib.h
Compiled:	Oct 23 2024 16:23:14, GNU g++ 4.8.1, std=201103L, MinGW Runtime 3.20, 32-bit, DEBUG
Started:	Oct 23 2024 16:31:18

Run file:	C:\Users\agniy\ded\SPU\processor\build\spu.exe
Directory:	C:\Users\agniy\ded\SPU\processor

--------------------------------------------------

--------------------------------------------------
TXLib предупреждает:

Программа: C:\Users\agniy\ded\SPU\processor\build\spu.exe,

ВНЕЗАПНО: Нарушение доступа к памяти.

#1: Исключение EXCEPTION_ACCESS_VIOLATION (0xC0000005) при выполнении кода по адресу 0x0042DED2. Попытка записать данные по адресу NULL в модуле C:\Users\agniy\ded\SPU\processor\build\spu.exe. Спасибо _txVectoredExceptionHandler(), что сообщил. Люблю его <3

#1: TXLib [Ver: 00173a, Rev: 173, Date: 2024-06-23 22:37:05 +0400], Instance: 0x005092FC (32-bit), Flags: Cmdre0, Thread: 0x3870 (Main), errno: 22 (Invalid argument). 

--------------------------------------------------
Стек вызовов:



--------------------------------------------------
Developed with:

The Dumb Artist Library (TX Library)
TXLib [Ver: 00173a, Rev: 173, Date: 2024-06-23 22:37:05 +0400]
Copyright (C) Ded (Ilya Dedinsky, http://txlib.ru) <mail@txlib.ru>
See license on: http://txlib.ru

TXLib file:	c:\users\agniy\ded\codeblocks\mingw\include\txlib.h
Compiled:	Oct 23 2024 16:32:07, GNU g++ 4.8.1, std=201103L, MinGW Runtime 3.20, 32-bit, DEBUG
Started:	Oct 23 2024 16:32:14

Run file:	C:\Users\agniy\ded\SPU\processor\build\spu.exe
Directory:	C:\Users\agniy\ded\SPU\processor

--------------------------------------------------

--------------------------------------------------
TXLib соболезнует...

Программа: C:\Users\agniy\ded\SPU\processor\build\spu.exe,

ВНЕЗАПНО: signal (11, 0x00): SIGSEGV: Доступ по неверному указателю. Ставьте ассерты! 

Нарушение доступа к памяти.

#1: Исключение EXCEPTION_ACCESS_VIOLATION (0xC0000005) при выполнении кода по адресу 0x0042DED2. Попытка записать данные по адресу NULL в модуле C:\Users\agniy\ded\SPU\processor\build\spu.exe. Спасибо _txVectoredExceptionHandler(), что сообщил. Люблю его <3

С помощью функции signal() вы можете сами обработать эту ошибку.

#2: TXLib [Ver: 00173a, Rev: 173, Date: 2024-06-23 22:37:05 +0400], Instance: 0x005092FC (32-bit), Flags: Cmdre0, Thread: 0x3870 (Main), errno: 22 (Invalid argument). 

--------------------------------------------------
Стек вызовов:



--------------------------------------------------
Developed with:

The Dumb Artist Library (TX Library)
TXLib [Ver: 00173a, Rev: 173, Date: 2024-06-23 22:37:05 +0400]
Copyright (C) Ded (Ilya Dedinsky, http://txlib.ru) <mail@txlib.ru>
See license on: http://txlib.ru

TXLib file:	c:\users\agniy\ded\codeblocks\mingw\include\txlib.h
Compiled:	Oct 23 2024 16:32:07, GNU g++ 4.8.1, std=201103L, MinGW Runtime 3.20, 32-bit, DEBUG
Started:	Oct 23 2024 16:32:14

Run file:	C:\Users\agniy\ded\SPU\processor\build\spu.exe
Directory:	C:\Users\agniy\ded\SPU\processor

--------------------------------------------------

--------------------------------------------------
TXLib предупреждает:

Программа: C:\Users\agniy\ded\SPU\processor\build\spu.exe,

ВНЕЗАПНО: Нарушение доступа к памяти.

#1: Исключение EXCEPTION_ACCESS_VIOLATION (0xC0000005) при выполнении кода по адресу 0x0042DEDD. Попытка записать данные по адресу NULL в модуле C:\Users\agniy\ded\SPU\processor\build\spu.exe. Спасибо _txVectoredExceptionHandler(), что сообщил. Люблю его <3

#1: TXLib [Ver: 00173a, Rev: 173, Date: 2024-06-23 22:37:05 +0400], Instance: 0x005092FC (32-bit), Flags: Cmdre0, Thread: 0x1C70 (Main), errno: 22 (Invalid argument). 

--------------------------------------------------
Стек вызовов:



--------------------------------------------------
Developed with:

The Dumb Artist Library (TX Library)
TXLib [Ver: 00173a, Rev: 173, Date: 2024-06-23 22:37:05 +0400]
Copyright (C) Ded (Ilya Dedinsky, http://txlib.ru) <mail@txlib.ru>
See license on: http://txlib.ru

TXLib file:	c:\users\agniy\ded\codeblocks\mingw\include\txlib.h
Compiled:	Oct 23 2024 16:33:55, GNU g++ 4.8.1, std=201103L, MinGW Runtime 3.20, 32-bit, DEBUG
Started:	Oct 23 2024 16:34:01

Run file:	C:\Users\agniy\ded\SPU\processor\build\spu.exe
Directory:	C:\Users\agniy\ded\SPU\processor

--------------------------------------------------

--------------------------------------------------
TXLib соболезнует...

Программа: C:\Users\agniy\ded\SPU\processor\build\spu.exe,

ВНЕЗАПНО: signal (11, 0x00): SIGSEGV: Доступ по неверному указателю. Ставьте ассерты! 

Нарушение доступа к памяти.

#1: Исключение EXCEPTION_ACCESS_VIOLATION (0xC0000005) при выполнении кода по адресу 0x0042DEDD. Попытка записать данные по адресу NULL в модуле C:\Users\agniy\ded\SPU\processor\build\spu.exe. Спасибо _txVectoredExceptionHandler(), что сообщил. Люблю его <3

С помощью функции signal() вы можете сами обработать эту ошибку.

#2: TXLib [Ver: 00173a, Rev: 173, Date: 2024-06-23 22:37:05 +0400], Instance: 0x005092FC (32-bit), Flags: Cmdre0, Thread: 0x1C70 (Main), errno: 22 (Invalid argument). 

--------------------------------------------------
Стек вызовов:



--------------------------------------------------
Developed with:

The Dumb Artist Library (TX Library)
TXLib [Ver: 00173a, Rev: 173, Date: 2024-06-23 22:37:05 +0400]
Copyright (C) Ded (Ilya Dedinsky, http://txlib.ru) <mail@txlib.ru>
See license on: http://txlib.ru

TXLib file:	c:\users\agniy\ded\codeblocks\mingw\include\txlib.h
Compiled:	Oct 23 2024 16:33:55, GNU g++ 4.8.1, std=201103L, MinGW Runtime 3.20, 32-bit, DEBUG
Started:	Oct 23 2024 16:34:01

Run file:	C:\Users\agniy\ded\SPU\processor\build\spu.exe
Directory:	C:\Users\agniy\ded\SPU\processor

--------------------------------------------------

--------------------------------------------------
TXLib предупреждает:

Программа: C:\Users\agniy\ded\SPU\processor\build\spu.exe,

ВНЕЗАПНО: Нарушение доступа к памяти.

#1: Исключение EXCEPTION_ACCESS_VIOLATION (0xC0000005) при выполнении кода по адресу 0x0042DEF0. Попытка записать данные по адресу NULL в модуле C:\Users\agniy\ded\SPU\processor\build\spu.exe. Спасибо _txVectoredExceptionHandler(), что сообщил. Люблю его <3

#1: TXLib [Ver: 00173a, Rev: 173, Date: 2024-06-23 22:37:05 +0400], Instance: 0x005092FC (32-bit), Flags: Cmdre0, Thread: 0x59BC (Main), errno: 22 (Invalid argument). 

--------------------------------------------------
Стек вызовов:



--------------------------------------------------
Developed with:

The Dumb Artist Library (TX Library)
TXLib [Ver: 00173a, Rev: 173, Date: 2024-06-23 22:37:05 +0400]
Copyright (C) Ded (Ilya Dedinsky, http://txlib.ru) <mail@txlib.ru>
See license on: http://txlib.ru

TXLib file:	c:\users\agniy\ded\codeblocks\mingw\include\txlib.h
Compiled:	Oct 23 2024 16:35:10, GNU g++ 4.8.1, std=201103L, MinGW Runtime 3.20, 32-bit, DEBUG
Started:	Oct 23 2024 16:35:17

Run file:	C:\Users\agniy\ded\SPU\processor\build\spu.exe
Directory:	C:\Users\agniy\ded\SPU\processor

--------------------------------------------------

--------------------------------------------------
TXLib соболезнует...

Программа: C:\Users\agniy\ded\SPU\processor\build\spu.exe,

ВНЕЗАПНО: signal (11, 0x00): SIGSEGV: Доступ по неверному указателю. Ставьте ассерты! 

Нарушение доступа к памяти.

#1: Исключение EXCEPTION_ACCESS_VIOLATION (0xC0000005) при выполнении кода по адресу 0x0042DEF0. Попытка записать данные по адресу NULL в модуле C:\Users\agniy\ded\SPU\processor\build\spu.exe. Спасибо _txVectoredExceptionHandler(), что сообщил. Люблю его <3

С помощью функции signal() вы можете сами обработать эту ошибку.

#2: TXLib [Ver: 00173a, Rev: 173, Date: 2024-06-23 22:37:05 +0400], Instance: 0x005092FC (32-bit), Flags: Cmdre0, Thread: 0x59BC (Main), errno: 22 (Invalid argument). 

--------------------------------------------------
Стек вызовов:



--------------------------------------------------
Developed with:

The Dumb Artist Library (TX Library)
TXLib [Ver: 00173a, Rev: 173, Date: 2024-06-23 22:37:05 +0400]
Copyright (C) Ded (Ilya Dedinsky, http://txlib.ru) <mail@txlib.ru>
See license on: http://txlib.ru

TXLib file:	c:\users\agniy\ded\codeblocks\mingw\include\txlib.h
Compiled:	Oct 23 2024 16:35:10, GNU g++ 4.8.1, std=201103L, MinGW Runtime 3.20, 32-bit, DEBUG
Started:	Oct 23 2024 16:35:17

Run file:	C:\Users\agniy\ded\SPU\processor\build\spu.exe
Directory:	C:\Users\agniy\ded\SPU\processor

--------------------------------------------------

--------------------------------------------------
TXLib предупреждает:

Программа: C:\Users\agniy\ded\SPU\processor\build\spu.exe,

ВНЕЗАПНО: Нарушение доступа к памяти.

#1: Исключение EXCEPTION_ACCESS_VIOLATION (0xC0000005) при выполнении кода по адресу 0x0042DC93. Попытка прочесть данные по адресу 0x0118A000 в модуле C:\Users\agniy\ded\SPU\processor\build\spu.exe. Спасибо _txVectoredExceptionHandler(), что сообщил. Люблю его <3

#1: TXLib [Ver: 00173a, Rev: 173, Date: 2024-06-23 22:37:05 +0400], Instance: 0x005092FC (32-bit), Flags: Cmdre0, Thread: 0x510C (Main). 

--------------------------------------------------
Стек вызовов:



--------------------------------------------------
Developed with:

The Dumb Artist Library (TX Library)
TXLib [Ver: 00173a, Rev: 173, Date: 2024-06-23 22:37:05 +0400]
Copyright (C) Ded (Ilya Dedinsky, http://txlib.ru) <mail@txlib.ru>
See license on: http://txlib.ru

TXLib file:	c:\users\agniy\ded\codeblocks\mingw\include\txlib.h
Compiled:	Oct 27 2024 15:06:36, GNU g++ 4.8.1, std=201103L, MinGW Runtime 3.20, 32-bit, DEBUG
Started:	Oct 27 2024 15:06:42

Run file:	C:\Users\agniy\ded\SPU\processor\build\spu.exe
Directory:	C:\Users\agniy\ded\SPU\processor

--------------------------------------------------

--------------------------------------------------
TXLib соболезнует...

Программа: C:\Users\agniy\ded\SPU\processor\build\spu.exe,

ВНЕЗАПНО: signal (11, 0x00): SIGSEGV: Доступ по неверному указателю. Ставьте ассерты! 

Нарушение доступа к памяти.

#1: Исключение EXCEPTION_ACCESS_VIOLATION (0xC0000005) при выполнении кода по адресу 0x0042DC93. Попытка прочесть данные по адресу 0x0118A000 в модуле C:\Users\agniy\ded\SPU\processor\build\spu.exe. Спасибо _txVectoredExceptionHandler(), что сообщил. Люблю его <3

С помощью функции signal() вы можете сами обработать эту ошибку.

#2: TXLib [Ver: 00173a, Rev: 173, Date: 2024-06-23 22:37:05 +0400], Instance: 0x005092FC (32-bit), Flags: Cmdre0, Thread: 0x510C (Main). 

--------------------------------------------------
Стек вызовов:



--------------------------------------------------
Developed with:

The Dumb Artist Library (TX Library)
TXLib [Ver: 00173a, Rev: 173, Date: 2024-06-23 22:37:05 +0400]
Copyright (C) Ded (Ilya Dedinsky, http://txlib.ru) <mail@txlib.ru>
See license on: http://txlib.ru

TXLib file:	c:\users\agniy\ded\codeblocks\mingw\include\txlib.h
Compiled:	Oct 27 2024 15:06:36, GNU g++ 4.8.1, std=201103L, MinGW Runtime 3.20, 32-bit, DEBUG
Started:	Oct 27 2024 15:06:42

Run file:	C:\Users\agniy\ded\SPU\processor\build\spu.exe
Directory:	C:\Users\agniy\ded\SPU\processor

--------------------------------------------------

--------------------------------------------------
TXLib предупреждает:

Программа: C:\Users\agniy\ded\SPU\processor\build\spu.exe,

ВНЕЗАПНО: Нарушение доступа к памяти.

#1: Исключение EXCEPTION_ACCESS_VIOLATION (0xC0000005) при выполнении кода по адресу 0x0042DC93. Попытка прочесть данные по адресу 0x0092A000 в модуле C:\Users\agniy\ded\SPU\processor\build\spu.exe. Спасибо _txVectoredExceptionHandler(), что сообщил. Люблю его <3

#1: TXLib [Ver: 00173a, Rev: 173, Date: 2024-06-23 22:37:05 +0400], Instance: 0x005092FC (32-bit), Flags: Cmdre0, Thread: 0x549C (Main). 

--------------------------------------------------
Стек вызовов:



--------------------------------------------------
Developed with:

The Dumb Artist Library (TX Library)
TXLib [Ver: 00173a, Rev: 173, Date: 2024-06-23 22:37:05 +0400]
Copyright (C) Ded (Ilya Dedinsky, http://txlib.ru) <mail@txlib.ru>
See license on: http://txlib.ru

TXLib file:	c:\users\agniy\ded\codeblocks\mingw\include\txlib.h
Compiled:	Oct 27 2024 15:06:36, GNU g++ 4.8.1, std=201103L, MinGW Runtime 3.20, 32-bit, DEBUG
Started:	Oct 27 2024 15:07:29

Run file:	C:\Users\agniy\ded\SPU\processor\build\spu.exe
Directory:	C:\Users\agniy\ded\SPU\processor

--------------------------------------------------

--------------------------------------------------
TXLib соболезнует...

Программа: C:\Users\agniy\ded\SPU\processor\build\spu.exe,

ВНЕЗАПНО: signal (11, 0x00): SIGSEGV: Доступ по неверному указателю. Ставьте ассерты! 

Нарушение доступа к памяти.

#1: Исключение EXCEPTION_ACCESS_VIOLATION (0xC0000005) при выполнении кода по адресу 0x0042DC93. Попытка прочесть данные по адресу 0x0092A000 в модуле C:\Users\agniy\ded\SPU\processor\build\spu.exe. Спасибо _txVectoredExceptionHandler(), что сообщил. Люблю его <3

С помощью функции signal() вы можете сами обработать эту ошибку.

#2: TXLib [Ver: 00173a, Rev: 173, Date: 2024-06-23 22:37:05 +0400], Instance: 0x005092FC (32-bit), Flags: Cmdre0, Thread: 0x549C (Main). 

--------------------------------------------------
Стек вызовов:



--------------------------------------------------
Developed with:

The Dumb Artist Library (TX Library)
TXLib [Ver: 00173a, Rev: 173, Date: 2024-06-23 22:37:05 +0400]
Copyright (C) Ded (Ilya Dedinsky, http://txlib.ru) <mail@txlib.ru>
See license on: http://txlib.ru

TXLib file:	c:\users\agniy\ded\codeblocks\mingw\include\txlib.h
Compiled:	Oct 27 2024 15:06:36, GNU g++ 4.8.1, std=201103L, MinGW Runtime 3.20, 32-bit, DEBUG
Started:	Oct 27 2024 15:07:29

Run file:	C:\Users\agniy\ded\SPU\processor\build\spu.exe
Directory:	C:\Users\agniy\ded\SPU\processor

--------------------------------------------------

--------------------------------------------------
TXLib предупреждает:

Программа: C:\Users\agniy\ded\SPU\processor\build\spu.exe,

ВНЕЗАПНО: Нарушение доступа к памяти.

#1: Исключение EXCEPTION_ACCESS_VIOLATION (0xC0000005) при выполнении кода по адресу 0x0042DC93. Попытка прочесть данные по адресу 0x010DA000 в модуле C:\Users\agniy\ded\SPU\processor\build\spu.exe. Спасибо _txVectoredExceptionHandler(), что сообщил. Люблю его <3

#1: TXLib [Ver: 00173a, Rev: 173, Date: 2024-06-23 22:37:05 +0400], Instance: 0x005092FC (32-bit), Flags: Cmdre0, Thread: 0x4D04 (Main). 

--------------------------------------------------
Стек вызовов:



--------------------------------------------------
Developed with:

The Dumb Artist Library (TX Library)
TXLib [Ver: 00173a, Rev: 173, Date: 2024-06-23 22:37:05 +0400]
Copyright (C) Ded (Ilya Dedinsky, http://txlib.ru) <mail@txlib.ru>
See license on: http://txlib.ru

TXLib file:	c:\users\agniy\ded\codeblocks\mingw\include\txlib.h
Compiled:	Oct 27 2024 15:06:36, GNU g++ 4.8.1, std=201103L, MinGW Runtime 3.20, 32-bit, DEBUG
Started:	Oct 27 2024 15:09:10

Run file:	C:\Users\agniy\ded\SPU\processor\build\spu.exe
Directory:	C:\Users\agniy\ded\SPU\processor

--------------------------------------------------

--------------------------------------------------
TXLib соболезнует...

Программа: C:\Users\agniy\ded\SPU\processor\build\spu.exe,

ВНЕЗАПНО: signal (11, 0x00): SIGSEGV: Доступ по неверному указателю. Ставьте ассерты! 

Нарушение доступа к памяти.

#1: Исключение EXCEPTION_ACCESS_VIOLATION (0xC0000005) при выполнении кода по адресу 0x0042DC93. Попытка прочесть данные по адресу 0x010DA000 в модуле C:\Users\agniy\ded\SPU\processor\build\spu.exe. Спасибо _txVectoredExceptionHandler(), что сообщил. Люблю его <3

С помощью функции signal() вы можете сами обработать эту ошибку.

#2: TXLib [Ver: 00173a, Rev: 173, Date: 2024-06-23 22:37:05 +0400], Instance: 0x005092FC (32-bit), Flags: Cmdre0, Thread: 0x4D04 (Main). 

--------------------------------------------------
Стек вызовов:



--------------------------------------------------
Developed with:

The Dumb Artist Library (TX Library)
TXLib [Ver: 00173a, Rev: 173, Date: 2024-06-23 22:37:05 +0400]
Copyright (C) Ded (Ilya Dedinsky, http://txlib.ru) <mail@txlib.ru>
See license on: http://txlib.ru

TXLib file:	c:\users\agniy\ded\codeblocks\mingw\include\txlib.h
Compiled:	Oct 27 2024 15:06:36, GNU g++ 4.8.1, std=201103L, MinGW Runtime 3.20, 32-bit, DEBUG
Started:	Oct 27 2024 15:09:11

Run file:	C:\Users\agniy\ded\SPU\processor\build\spu.exe
Directory:	C:\Users\agniy\ded\SPU\processor

--------------------------------------------------

--------------------------------------------------
TXLib предупреждает:

Программа: C:\Users\agniy\ded\SPU\processor\build\spu.exe,

ВНЕЗАПНО: Нарушение доступа к памяти.

#1: Исключение EXCEPTION_ACCESS_VIOLATION (0xC0000005) при выполнении кода по адресу 0x0042DCAC. Попытка прочесть данные по адресу 0x010EA000 в модуле C:\Users\agniy\ded\SPU\processor\build\spu.exe. Спасибо _txVectoredExceptionHandler(), что сообщил. Люблю его <3

#1: TXLib [Ver: 00173a, Rev: 173, Date: 2024-06-23 22:37:05 +0400], Instance: 0x005092FC (32-bit), Flags: Cmdre0, Thread: 0x2194 (Main). 

--------------------------------------------------
Стек вызовов:



--------------------------------------------------
Developed with:

The Dumb Artist Library (TX Library)
TXLib [Ver: 00173a, Rev: 173, Date: 2024-06-23 22:37:05 +0400]
Copyright (C) Ded (Ilya Dedinsky, http://txlib.ru) <mail@txlib.ru>
See license on: http://txlib.ru

TXLib file:	c:\users\agniy\ded\codeblocks\mingw\include\txlib.h
Compiled:	Oct 27 2024 15:14:56, GNU g++ 4.8.1, std=201103L, MinGW Runtime 3.20, 32-bit, DEBUG
Started:	Oct 27 2024 15:15:02

Run file:	C:\Users\agniy\ded\SPU\processor\build\spu.exe
Directory:	C:\Users\agniy\ded\SPU\processor

--------------------------------------------------

--------------------------------------------------
TXLib соболезнует...

Программа: C:\Users\agniy\ded\SPU\processor\build\spu.exe,

ВНЕЗАПНО: signal (11, 0x00): SIGSEGV: Доступ по неверному указателю. Ставьте ассерты! 

Нарушение доступа к памяти.

#1: Исключение EXCEPTION_ACCESS_VIOLATION (0xC0000005) при выполнении кода по адресу 0x0042DCAC. Попытка прочесть данные по адресу 0x010EA000 в модуле C:\Users\agniy\ded\SPU\processor\build\spu.exe. Спасибо _txVectoredExceptionHandler(), что сообщил. Люблю его <3

С помощью функции signal() вы можете сами обработать эту ошибку.

#2: TXLib [Ver: 00173a, Rev: 173, Date: 2024-06-23 22:37:05 +0400], Instance: 0x005092FC (32-bit), Flags: Cmdre0, Thread: 0x2194 (Main). 

--------------------------------------------------
Стек вызовов:



--------------------------------------------------
Developed with:

The Dumb Artist Library (TX Library)
TXLib [Ver: 00173a, Rev: 173, Date: 2024-06-23 22:37:05 +0400]
Copyright (C) Ded (Ilya Dedinsky, http://txlib.ru) <mail@txlib.ru>
See license on: http://txlib.ru

TXLib file:	c:\users\agniy\ded\codeblocks\mingw\include\txlib.h
Compiled:	Oct 27 2024 15:14:56, GNU g++ 4.8.1, std=201103L, MinGW Runtime 3.20, 32-bit, DEBUG
Started:	Oct 27 2024 15:15:02

Run file:	C:\Users\agniy\ded\SPU\processor\build\spu.exe
Directory:	C:\Users\agniy\ded\SPU\processor

--------------------------------------------------

--------------------------------------------------
TXLib предупреждает:

Программа: C:\Users\agniy\ded\SPU\processor\build\spu.exe,

ВНЕЗАПНО: Нарушение доступа к памяти.

#1: Исключение EXCEPTION_ACCESS_VIOLATION (0xC0000005) при выполнении кода по адресу 0x0042E874 в функции get_push_arg() в файле C:/Users/agniy/ded/SPU/processor/src/processor.cpp на строке 147. Попытка прочесть данные по адресу 0x007C0008 в модуле C:\Users\agniy\ded\SPU\processor\build\spu.exe. Спасибо _txVectoredExceptionHandler(), что сообщил. Люблю его <3

#1: TXLib [Ver: 00173a, Rev: 173, Date: 2024-06-23 22:37:05 +0400], Instance: 0x005092FC (32-bit), Flags: Cmdre0, Thread: 0x8B8 (Main). 

--------------------------------------------------
Стек вызовов:

# 0 0x0042E874 in C:\Users\agniy\ded\SPU\processor\build\spu.exe: get_push_arg() at C:/Users/agniy/ded/SPU/processor/src/processor.cpp (147):

    145:     if (arg_type & NUM_ARG_MASK) { arg_value =  proc -> cmd_array[(proc -> ip)++];}
    146:     if (arg_type & REG_ARG_MASK) { arg_value += proc -> registers[(size_t)proc -> cmd_array[(proc -> ip)++]];}
=>  147:     if (arg_type & MEM_ARG_MASK) { arg_value =  proc -> RAM[(size_t)arg_value];}
    148: 
    149:     return arg_value;

# 1 0x0042DE55 in C:\Users\agniy\ded\SPU\processor\build\spu.exe: execute_cmds() at C:/Users/agniy/ded/SPU/processor/../headers/commands.h (4):

      2: 
      3: //IP++ after proceeding every cmd by default
=>    4: DEF_CMD(PUSH, 0, true, DO_PUSH(get_push_arg(proc)) IP--;)
      5: DEF_CMD(POP,  1, true, DO_POP(get_pop_arg(proc))   IP--;)
      6: 

# 2 0x0042C48F in C:\Users\agniy\ded\SPU\processor\build\spu.exe: main() at C:/Users/agniy/ded/SPU/processor/src/proc_main.cpp (21):

     19:         make_cmd_array(&proc, streams_info.stream_in);
     20: 
=>   21:         execute_cmds(&proc);
     22:         proc_dtor(&proc);
     23:     }

--------------------------------------------------
Developed with:

The Dumb Artist Library (TX Library)
TXLib [Ver: 00173a, Rev: 173, Date: 2024-06-23 22:37:05 +0400]
Copyright (C) Ded (Ilya Dedinsky, http://txlib.ru) <mail@txlib.ru>
See license on: http://txlib.ru

TXLib file:	c:\program files (x86)\codeblocks\mingw\include\txlib.h
Compiled:	Dec 17 2024 09:29:52, GNU g++ 4.8.1, std=201103L, MinGW Runtime 3.20, 32-bit, DEBUG
Started:	Dec 17 2024 09:29:57

Run file:	C:\Users\agniy\ded\SPU\processor\build\spu.exe
Directory:	C:\Users\agniy\ded\SPU\processor

--------------------------------------------------

--------------------------------------------------
TXLib соболезнует...

Программа: C:\Users\agniy\ded\SPU\processor\build\spu.exe,

ВНЕЗАПНО: signal (11, 0x00): SIGSEGV: Доступ по неверному указателю. Ставьте ассерты! 

Нарушение доступа к памяти.

#1: Исключение EXCEPTION_ACCESS_VIOLATION (0xC0000005) при выполнении кода по адресу 0x0042E874 в функции get_push_arg() в файле C:/Users/agniy/ded/SPU/processor/src/processor.cpp на строке 147. Попытка прочесть данные по адресу 0x007C0008 в модуле C:\Users\agniy\ded\SPU\processor\build\spu.exe. Спасибо _txVectoredExceptionHandler(), что сообщил. Люблю его <3

С помощью функции signal() вы можете сами обработать эту ошибку.

#2: TXLib [Ver: 00173a, Rev: 173, Date: 2024-06-23 22:37:05 +0400], Instance: 0x005092FC (32-bit), Flags: Cmdre0, Thread: 0x8B8 (Main). 

--------------------------------------------------
Стек вызовов:

# 0 0x0042E874 in C:\Users\agniy\ded\SPU\processor\build\spu.exe: get_push_arg() at C:/Users/agniy/ded/SPU/processor/src/processor.cpp (147):

    145:     if (arg_type & NUM_ARG_MASK) { arg_value =  proc -> cmd_array[(proc -> ip)++];}
    146:     if (arg_type & REG_ARG_MASK) { arg_value += proc -> registers[(size_t)proc -> cmd_array[(proc -> ip)++]];}
=>  147:     if (arg_type & MEM_ARG_MASK) { arg_value =  proc -> RAM[(size_t)arg_value];}
    148: 
    149:     return arg_value;

# 1 0x0042DE55 in C:\Users\agniy\ded\SPU\processor\build\spu.exe: execute_cmds() at C:/Users/agniy/ded/SPU/processor/../headers/commands.h (4):

      2: 
      3: //IP++ after proceeding every cmd by default
=>    4: DEF_CMD(PUSH, 0, true, DO_PUSH(get_push_arg(proc)) IP--;)
      5: DEF_CMD(POP,  1, true, DO_POP(get_pop_arg(proc))   IP--;)
      6: 

# 2 0x0042C48F in C:\Users\agniy\ded\SPU\processor\build\spu.exe: main() at C:/Users/agniy/ded/SPU/processor/src/proc_main.cpp (21):

     19:         make_cmd_array(&proc, streams_info.stream_in);
     20: 
=>   21:         execute_cmds(&proc);
     22:         proc_dtor(&proc);
     23:     }

--------------------------------------------------
Developed with:

The Dumb Artist Library (TX Library)
TXLib [Ver: 00173a, Rev: 173, Date: 2024-06-23 22:37:05 +0400]
Copyright (C) Ded (Ilya Dedinsky, http://txlib.ru) <mail@txlib.ru>
See license on: http://txlib.ru

TXLib file:	c:\program files (x86)\codeblocks\mingw\include\txlib.h
Compiled:	Dec 17 2024 09:29:52, GNU g++ 4.8.1, std=201103L, MinGW Runtime 3.20, 32-bit, DEBUG
Started:	Dec 17 2024 09:29:57

Run file:	C:\Users\agniy\ded\SPU\processor\build\spu.exe
Directory:	C:\Users\agniy\ded\SPU\processor

--------------------------------------------------

--------------------------------------------------
TXLib предупреждает:

Программа: C:\Users\agniy\ded\SPU\processor\build\spu.exe,

ВНЕЗАПНО: Нарушение доступа к памяти.

#1: Исключение EXCEPTION_ACCESS_VIOLATION (0xC0000005) при выполнении кода по адресу 0x0042E87C в функции get_push_arg() в файле C:/Users/agniy/ded/SPU/processor/src/processor.cpp на строке 147. Попытка прочесть данные по адресу 0x007D1008 в модуле C:\Users\agniy\ded\SPU\processor\build\spu.exe. Спасибо _txVectoredExceptionHandler(), что сообщил. Люблю его <3

#1: TXLib [Ver: 00173a, Rev: 173, Date: 2024-06-23 22:37:05 +0400], Instance: 0x005092FC (32-bit), Flags: Cmdre0, Thread: 0x37BC (Main). 

--------------------------------------------------
Стек вызовов:

# 0 0x0042E87C in C:\Users\agniy\ded\SPU\processor\build\spu.exe: get_push_arg() at C:/Users/agniy/ded/SPU/processor/src/processor.cpp (147):

    145:     if (arg_type & NUM_ARG_MASK) { arg_value =  proc -> cmd_array[(proc -> ip)++];}
    146:     if (arg_type & REG_ARG_MASK) { arg_value += proc -> registers[(size_t)proc -> cmd_array[(proc -> ip)++]];}
=>  147:     if (arg_type & MEM_ARG_MASK) { arg_value =  proc -> RAM[(size_t)arg_value];}
    148: 
    149:     return arg_value;

# 1 0x0042DE5D in C:\Users\agniy\ded\SPU\processor\build\spu.exe: execute_cmds() at C:/Users/agniy/ded/SPU/processor/../headers/commands.h (4):

      2: 
      3: //IP++ after proceeding every cmd by default
=>    4: DEF_CMD(PUSH, 0, true, DO_PUSH(get_push_arg(proc)) IP--;)
      5: DEF_CMD(POP,  1, true, DO_POP(get_pop_arg(proc))   IP--;)
      6: 

# 2 0x0042C495 in C:\Users\agniy\ded\SPU\processor\build\spu.exe: main() at C:/Users/agniy/ded/SPU/processor/src/proc_main.cpp (21):

     19:         make_cmd_array(&proc, streams_info.stream_in);
     20: 
=>   21:         execute_cmds(&proc);
     22:         proc_dtor(&proc);
     23:     }

--------------------------------------------------
Developed with:

The Dumb Artist Library (TX Library)
TXLib [Ver: 00173a, Rev: 173, Date: 2024-06-23 22:37:05 +0400]
Copyright (C) Ded (Ilya Dedinsky, http://txlib.ru) <mail@txlib.ru>
See license on: http://txlib.ru

TXLib file:	c:\program files (x86)\codeblocks\mingw\include\txlib.h
Compiled:	Dec 17 2024 09:31:11, GNU g++ 4.8.1, std=201103L, MinGW Runtime 3.20, 32-bit, DEBUG
Started:	Dec 17 2024 09:31:23

Run file:	C:\Users\agniy\ded\SPU\processor\build\spu.exe
Directory:	C:\Users\agniy\ded\SPU\processor

--------------------------------------------------

--------------------------------------------------
TXLib соболезнует...

Программа: C:\Users\agniy\ded\SPU\processor\build\spu.exe,

ВНЕЗАПНО: signal (11, 0x00): SIGSEGV: Доступ по неверному указателю. Ставьте ассерты! 

Нарушение доступа к памяти.

#1: Исключение EXCEPTION_ACCESS_VIOLATION (0xC0000005) при выполнении кода по адресу 0x0042E87C в функции get_push_arg() в файле C:/Users/agniy/ded/SPU/processor/src/processor.cpp на строке 147. Попытка прочесть данные по адресу 0x007D1008 в модуле C:\Users\agniy\ded\SPU\processor\build\spu.exe. Спасибо _txVectoredExceptionHandler(), что сообщил. Люблю его <3

С помощью функции signal() вы можете сами обработать эту ошибку.

#2: TXLib [Ver: 00173a, Rev: 173, Date: 2024-06-23 22:37:05 +0400], Instance: 0x005092FC (32-bit), Flags: Cmdre0, Thread: 0x37BC (Main). 

--------------------------------------------------
Стек вызовов:

# 0 0x0042E87C in C:\Users\agniy\ded\SPU\processor\build\spu.exe: get_push_arg() at C:/Users/agniy/ded/SPU/processor/src/processor.cpp (147):

    145:     if (arg_type & NUM_ARG_MASK) { arg_value =  proc -> cmd_array[(proc -> ip)++];}
    146:     if (arg_type & REG_ARG_MASK) { arg_value += proc -> registers[(size_t)proc -> cmd_array[(proc -> ip)++]];}
=>  147:     if (arg_type & MEM_ARG_MASK) { arg_value =  proc -> RAM[(size_t)arg_value];}
    148: 
    149:     return arg_value;

# 1 0x0042DE5D in C:\Users\agniy\ded\SPU\processor\build\spu.exe: execute_cmds() at C:/Users/agniy/ded/SPU/processor/../headers/commands.h (4):

      2: 
      3: //IP++ after proceeding every cmd by default
=>    4: DEF_CMD(PUSH, 0, true, DO_PUSH(get_push_arg(proc)) IP--;)
      5: DEF_CMD(POP,  1, true, DO_POP(get_pop_arg(proc))   IP--;)
      6: 

# 2 0x0042C495 in C:\Users\agniy\ded\SPU\processor\build\spu.exe: main() at C:/Users/agniy/ded/SPU/processor/src/proc_main.cpp (21):

     19:         make_cmd_array(&proc, streams_info.stream_in);
     20: 
=>   21:         execute_cmds(&proc);
     22:         proc_dtor(&proc);
     23:     }

--------------------------------------------------
Developed with:

The Dumb Artist Library (TX Library)
TXLib [Ver: 00173a, Rev: 173, Date: 2024-06-23 22:37:05 +0400]
Copyright (C) Ded (Ilya Dedinsky, http://txlib.ru) <mail@txlib.ru>
See license on: http://txlib.ru

TXLib file:	c:\program files (x86)\codeblocks\mingw\include\txlib.h
Compiled:	Dec 17 2024 09:31:11, GNU g++ 4.8.1, std=201103L, MinGW Runtime 3.20, 32-bit, DEBUG
Started:	Dec 17 2024 09:31:23

Run file:	C:\Users\agniy\ded\SPU\processor\build\spu.exe
Directory:	C:\Users\agniy\ded\SPU\processor

--------------------------------------------------

--------------------------------------------------
TXLib предупреждает:

Программа: C:\Users\agniy\ded\SPU\processor\build\spu.exe,

ВНЕЗАПНО: Недопустимая операция с плавающей точкой.

#1: Исключение EXCEPTION_FLT_INVALID_OPERATION (0xC0000090) при выполнении кода по адресу 0x0042DE70 в функции execute_cmds() в файле C:/Users/agniy/ded/SPU/processor/src/processor.cpp на строке 128 в модуле C:\Users\agniy\ded\SPU\processor\build\spu.exe. Спасибо _txVectoredExceptionHandler(), что сообщил. Люблю его <3

#1: TXLib [Ver: 00173a, Rev: 173, Date: 2024-06-23 22:37:05 +0400], Instance: 0x0050A2FC (32-bit), Flags: Cmdre0, Thread: 0x1DE0 (Main). 

--------------------------------------------------
Стек вызовов:

# 0 0x0042DE70 in C:\Users\agniy\ded\SPU\processor\build\spu.exe: execute_cmds() at C:/Users/agniy/ded/SPU/processor/src/processor.cpp (128):

    126:     while (true)
    127:     {
=>  128:         int cmd = (int)proc -> cmd_array[proc -> ip] & CMD_MASK;
    129:         //printf("cmd:%d\n", cmd);
    130:         switch (cmd)

# 1 0x0042C48F in C:\Users\agniy\ded\SPU\processor\build\spu.exe: main() at C:/Users/agniy/ded/SPU/processor/src/proc_main.cpp (21):

     19:         make_cmd_array(&proc, streams_info.stream_in);
     20: 
=>   21:         execute_cmds(&proc);
     22:         proc_dtor(&proc);
     23:     }

--------------------------------------------------
Developed with:

The Dumb Artist Library (TX Library)
TXLib [Ver: 00173a, Rev: 173, Date: 2024-06-23 22:37:05 +0400]
Copyright (C) Ded (Ilya Dedinsky, http://txlib.ru) <mail@txlib.ru>
See license on: http://txlib.ru

TXLib file:	c:\program files (x86)\codeblocks\mingw\include\txlib.h
Compiled:	Dec 18 2024 19:24:57, GNU g++ 4.8.1, std=201103L, MinGW Runtime 3.20, 32-bit, DEBUG
Started:	Dec 18 2024 19:25:07

Run file:	C:\Users\agniy\ded\SPU\processor\build\spu.exe
Directory:	C:\Users\agniy\ded\SPU\processor

--------------------------------------------------

--------------------------------------------------
TXLib соболезнует...

Программа: C:\Users\agniy\ded\SPU\processor\build\spu.exe,

ВНЕЗАПНО: signal (8, 0x00): SIGFPE: Грубая ошибка в вычислениях. 

Недопустимая операция с плавающей точкой.

#1: Исключение EXCEPTION_FLT_INVALID_OPERATION (0xC0000090) при выполнении кода по адресу 0x0042DE70 в функции execute_cmds() в файле C:/Users/agniy/ded/SPU/processor/src/processor.cpp на строке 128 в модуле C:\Users\agniy\ded\SPU\processor\build\spu.exe. Спасибо _txVectoredExceptionHandler(), что сообщил. Люблю его <3

С помощью функции signal() вы можете сами обработать эту ошибку.

#2: TXLib [Ver: 00173a, Rev: 173, Date: 2024-06-23 22:37:05 +0400], Instance: 0x0050A2FC (32-bit), Flags: Cmdre0, Thread: 0x1DE0 (Main). 

--------------------------------------------------
Стек вызовов:

# 0 0x0042DE70 in C:\Users\agniy\ded\SPU\processor\build\spu.exe: execute_cmds() at C:/Users/agniy/ded/SPU/processor/src/processor.cpp (128):

    126:     while (true)
    127:     {
=>  128:         int cmd = (int)proc -> cmd_array[proc -> ip] & CMD_MASK;
    129:         //printf("cmd:%d\n", cmd);
    130:         switch (cmd)

# 1 0x0042C48F in C:\Users\agniy\ded\SPU\processor\build\spu.exe: main() at C:/Users/agniy/ded/SPU/processor/src/proc_main.cpp (21):

     19:         make_cmd_array(&proc, streams_info.stream_in);
     20: 
=>   21:         execute_cmds(&proc);
     22:         proc_dtor(&proc);
     23:     }

--------------------------------------------------
Developed with:

The Dumb Artist Library (TX Library)
TXLib [Ver: 00173a, Rev: 173, Date: 2024-06-23 22:37:05 +0400]
Copyright (C) Ded (Ilya Dedinsky, http://txlib.ru) <mail@txlib.ru>
See license on: http://txlib.ru

TXLib file:	c:\program files (x86)\codeblocks\mingw\include\txlib.h
Compiled:	Dec 18 2024 19:24:57, GNU g++ 4.8.1, std=201103L, MinGW Runtime 3.20, 32-bit, DEBUG
Started:	Dec 18 2024 19:25:07

Run file:	C:\Users\agniy\ded\SPU\processor\build\spu.exe
Directory:	C:\Users\agniy\ded\SPU\processor

--------------------------------------------------

--------------------------------------------------
TXLib предупреждает:

Программа: C:\Users\agniy\ded\SPU\processor\build\spu.exe,

ВНЕЗАПНО: Нарушение доступа к памяти.

#1: Исключение EXCEPTION_ACCESS_VIOLATION (0xC0000005) при выполнении кода по адресу 0x0042DE62 в функции execute_cmds() в файле C:/Users/agniy/ded/SPU/processor/src/processor.cpp на строке 128. Попытка прочесть данные по адресу 0x0115F000 в модуле C:\Users\agniy\ded\SPU\processor\build\spu.exe. Спасибо _txVectoredExceptionHandler(), что сообщил. Люблю его <3

#1: TXLib [Ver: 00173a, Rev: 173, Date: 2024-06-23 22:37:05 +0400], Instance: 0x0050A2FC (32-bit), Flags: Cmdre0, Thread: 0x94C (Main). 

--------------------------------------------------
Стек вызовов:

# 0 0x0042DE62 in C:\Users\agniy\ded\SPU\processor\build\spu.exe: execute_cmds() at C:/Users/agniy/ded/SPU/processor/src/processor.cpp (128):

    126:     while (true)
    127:     {
=>  128:         int cmd = (int)proc -> cmd_array[proc -> ip] & CMD_MASK;
    129:         //printf("cmd:%d\n", cmd);
    130:         switch (cmd)

# 1 0x0042C48F in C:\Users\agniy\ded\SPU\processor\build\spu.exe: main() at C:/Users/agniy/ded/SPU/processor/src/proc_main.cpp (21):

     19:         make_cmd_array(&proc, streams_info.stream_in);
     20: 
=>   21:         execute_cmds(&proc);
     22:         proc_dtor(&proc);
     23:     }

--------------------------------------------------
Developed with:

The Dumb Artist Library (TX Library)
TXLib [Ver: 00173a, Rev: 173, Date: 2024-06-23 22:37:05 +0400]
Copyright (C) Ded (Ilya Dedinsky, http://txlib.ru) <mail@txlib.ru>
See license on: http://txlib.ru

TXLib file:	c:\program files (x86)\codeblocks\mingw\include\txlib.h
Compiled:	Dec 18 2024 20:25:36, GNU g++ 4.8.1, std=201103L, MinGW Runtime 3.20, 32-bit, DEBUG
Started:	Dec 18 2024 20:27:14

Run file:	C:\Users\agniy\ded\SPU\processor\build\spu.exe
Directory:	C:\Users\agniy\ded\SPU\processor

--------------------------------------------------

--------------------------------------------------
TXLib соболезнует...

Программа: C:\Users\agniy\ded\SPU\processor\build\spu.exe,

ВНЕЗАПНО: signal (11, 0x00): SIGSEGV: Доступ по неверному указателю. Ставьте ассерты! 

Нарушение доступа к памяти.

#1: Исключение EXCEPTION_ACCESS_VIOLATION (0xC0000005) при выполнении кода по адресу 0x0042DE62 в функции execute_cmds() в файле C:/Users/agniy/ded/SPU/processor/src/processor.cpp на строке 128. Попытка прочесть данные по адресу 0x0115F000 в модуле C:\Users\agniy\ded\SPU\processor\build\spu.exe. Спасибо _txVectoredExceptionHandler(), что сообщил. Люблю его <3

С помощью функции signal() вы можете сами обработать эту ошибку.

#2: TXLib [Ver: 00173a, Rev: 173, Date: 2024-06-23 22:37:05 +0400], Instance: 0x0050A2FC (32-bit), Flags: Cmdre0, Thread: 0x94C (Main). 

--------------------------------------------------
Стек вызовов:

# 0 0x0042DE62 in C:\Users\agniy\ded\SPU\processor\build\spu.exe: execute_cmds() at C:/Users/agniy/ded/SPU/processor/src/processor.cpp (128):

    126:     while (true)
    127:     {
=>  128:         int cmd = (int)proc -> cmd_array[proc -> ip] & CMD_MASK;
    129:         //printf("cmd:%d\n", cmd);
    130:         switch (cmd)

# 1 0x0042C48F in C:\Users\agniy\ded\SPU\processor\build\spu.exe: main() at C:/Users/agniy/ded/SPU/processor/src/proc_main.cpp (21):

     19:         make_cmd_array(&proc, streams_info.stream_in);
     20: 
=>   21:         execute_cmds(&proc);
     22:         proc_dtor(&proc);
     23:     }

--------------------------------------------------
Developed with:

The Dumb Artist Library (TX Library)
TXLib [Ver: 00173a, Rev: 173, Date: 2024-06-23 22:37:05 +0400]
Copyright (C) Ded (Ilya Dedinsky, http://txlib.ru) <mail@txlib.ru>
See license on: http://txlib.ru

TXLib file:	c:\program files (x86)\codeblocks\mingw\include\txlib.h
Compiled:	Dec 18 2024 20:25:36, GNU g++ 4.8.1, std=201103L, MinGW Runtime 3.20, 32-bit, DEBUG
Started:	Dec 18 2024 20:27:14

Run file:	C:\Users\agniy\ded\SPU\processor\build\spu.exe
Directory:	C:\Users\agniy\ded\SPU\processor

--------------------------------------------------

--------------------------------------------------
TXLib предупреждает:

Программа: C:\Users\agniy\ded\SPU\processor\build\spu.exe,

ВНЕЗАПНО: Недопустимая операция с плавающей точкой.

#1: Исключение EXCEPTION_FLT_INVALID_OPERATION (0xC0000090) при выполнении кода по адресу 0x0042EA5D в функции get_push_arg() в файле C:/Users/agniy/ded/SPU/processor/src/processor.cpp на строке 155 в модуле C:\Users\agniy\ded\SPU\processor\build\spu.exe. Спасибо _txVectoredExceptionHandler(), что сообщил. Люблю его <3

#1: TXLib [Ver: 00173a, Rev: 173, Date: 2024-06-23 22:37:05 +0400], Instance: 0x0050A2FC (32-bit), Flags: Cmdre0, Thread: 0x3288 (Main). 

--------------------------------------------------
Стек вызовов:

# 0 0x0042EA5D in C:\Users\agniy\ded\SPU\processor\build\spu.exe: get_push_arg() at C:/Users/agniy/ded/SPU/processor/src/processor.cpp (155):

    153:     if (arg_type & REG_ARG_MASK) { arg_value +=  proc -> registers[(size_t)proc -> cmd_array[(proc -> ip)++]];}
    154:     if (arg_type & NUM_ARG_MASK) { arg_value +=  proc -> cmd_array[(proc -> ip)++];}
=>  155:     printf("PUSH ARG VALUE = %d\n", (size_t)arg_value);
    156:     if (arg_type & MEM_ARG_MASK) { arg_value  =  proc -> RAM[(size_t)arg_value];}
    157: 

# 1 0x0042DEA6 in C:\Users\agniy\ded\SPU\processor\build\spu.exe: execute_cmds() at C:/Users/agniy/ded/SPU/processor/../headers/commands.h (4):

      2: 
      3: //IP++ after proceeding every cmd by default
=>    4: DEF_CMD(PUSH, 0, true, DO_PUSH(get_push_arg(proc)) IP--;)
      5: DEF_CMD(POP,  1, true, DO_POP(get_pop_arg(proc))   IP--;)
      6: 

# 2 0x0042C48F in C:\Users\agniy\ded\SPU\processor\build\spu.exe: main() at C:/Users/agniy/ded/SPU/processor/src/proc_main.cpp (21):

     19:         make_cmd_array(&proc, streams_info.stream_in);
     20: 
=>   21:         execute_cmds(&proc);
     22:         proc_dtor(&proc);
     23:     }

--------------------------------------------------
Developed with:

The Dumb Artist Library (TX Library)
TXLib [Ver: 00173a, Rev: 173, Date: 2024-06-23 22:37:05 +0400]
Copyright (C) Ded (Ilya Dedinsky, http://txlib.ru) <mail@txlib.ru>
See license on: http://txlib.ru

TXLib file:	c:\program files (x86)\codeblocks\mingw\include\txlib.h
Compiled:	Dec 18 2024 20:39:30, GNU g++ 4.8.1, std=201103L, MinGW Runtime 3.20, 32-bit, DEBUG
Started:	Dec 18 2024 20:39:56

Run file:	C:\Users\agniy\ded\SPU\processor\build\spu.exe
Directory:	C:\Users\agniy\ded\SPU\processor

--------------------------------------------------

--------------------------------------------------
TXLib соболезнует...

Программа: C:\Users\agniy\ded\SPU\processor\build\spu.exe,

ВНЕЗАПНО: signal (8, 0x00): SIGFPE: Грубая ошибка в вычислениях. 

Недопустимая операция с плавающей точкой.

#1: Исключение EXCEPTION_FLT_INVALID_OPERATION (0xC0000090) при выполнении кода по адресу 0x0042EA5D в функции get_push_arg() в файле C:/Users/agniy/ded/SPU/processor/src/processor.cpp на строке 155 в модуле C:\Users\agniy\ded\SPU\processor\build\spu.exe. Спасибо _txVectoredExceptionHandler(), что сообщил. Люблю его <3

С помощью функции signal() вы можете сами обработать эту ошибку.

#2: TXLib [Ver: 00173a, Rev: 173, Date: 2024-06-23 22:37:05 +0400], Instance: 0x0050A2FC (32-bit), Flags: Cmdre0, Thread: 0x3288 (Main). 

--------------------------------------------------
Стек вызовов:

# 0 0x0042EA5D in C:\Users\agniy\ded\SPU\processor\build\spu.exe: get_push_arg() at C:/Users/agniy/ded/SPU/processor/src/processor.cpp (155):

    153:     if (arg_type & REG_ARG_MASK) { arg_value +=  proc -> registers[(size_t)proc -> cmd_array[(proc -> ip)++]];}
    154:     if (arg_type & NUM_ARG_MASK) { arg_value +=  proc -> cmd_array[(proc -> ip)++];}
=>  155:     printf("PUSH ARG VALUE = %d\n", (size_t)arg_value);
    156:     if (arg_type & MEM_ARG_MASK) { arg_value  =  proc -> RAM[(size_t)arg_value];}
    157: 

# 1 0x0042DEA6 in C:\Users\agniy\ded\SPU\processor\build\spu.exe: execute_cmds() at C:/Users/agniy/ded/SPU/processor/../headers/commands.h (4):

      2: 
      3: //IP++ after proceeding every cmd by default
=>    4: DEF_CMD(PUSH, 0, true, DO_PUSH(get_push_arg(proc)) IP--;)
      5: DEF_CMD(POP,  1, true, DO_POP(get_pop_arg(proc))   IP--;)
      6: 

# 2 0x0042C48F in C:\Users\agniy\ded\SPU\processor\build\spu.exe: main() at C:/Users/agniy/ded/SPU/processor/src/proc_main.cpp (21):

     19:         make_cmd_array(&proc, streams_info.stream_in);
     20: 
=>   21:         execute_cmds(&proc);
     22:         proc_dtor(&proc);
     23:     }

--------------------------------------------------
Developed with:

The Dumb Artist Library (TX Library)
TXLib [Ver: 00173a, Rev: 173, Date: 2024-06-23 22:37:05 +0400]
Copyright (C) Ded (Ilya Dedinsky, http://txlib.ru) <mail@txlib.ru>
See license on: http://txlib.ru

TXLib file:	c:\program files (x86)\codeblocks\mingw\include\txlib.h
Compiled:	Dec 18 2024 20:39:30, GNU g++ 4.8.1, std=201103L, MinGW Runtime 3.20, 32-bit, DEBUG
Started:	Dec 18 2024 20:39:56

Run file:	C:\Users\agniy\ded\SPU\processor\build\spu.exe
Directory:	C:\Users\agniy\ded\SPU\processor

--------------------------------------------------
